<?xml version="1.0" encoding="UTF-8"?>
<!-- Generated by org.testng.reporters.JUnitReportReporter -->
<testsuite hostname="Kaushik-PC" name="com.selenium.test.RoundTripFlightSearchTest" tests="2" failures="0" timestamp="27 Jul 2020 06:54:25 GMT" time="322.385" errors="0">
  <testcase name="Test1" time="166.123" classname="com.selenium.test.RoundTripFlightSearchTest"/>
  <testcase name="Test1" time="156.262" classname="com.selenium.test.RoundTripFlightSearchTest"/>
</testsuite> <!-- com.selenium.test.RoundTripFlightSearchTest -->
