<?xml version="1.0" encoding="UTF-8"?>
<!-- Generated by org.testng.reporters.JUnitReportReporter -->
<testsuite hostname="Kaushik-PC" name="com.selenium.test.RoundTripFlightSearchTest" tests="1" failures="0" timestamp="16 Feb 2020 10:45:31 GMT" time="142.765" errors="0">
  <testcase name="Test1" time="142.765" classname="com.selenium.test.RoundTripFlightSearchTest"/>
</testsuite> <!-- com.selenium.test.RoundTripFlightSearchTest -->
