<?xml version="1.0" encoding="UTF-8"?>
<!-- Generated by org.testng.reporters.JUnitReportReporter -->
<testsuite hostname="Kaushik-PC" name="com.selenium.test.SearchHotelTest" tests="1" failures="0" timestamp="16 Feb 2020 10:45:31 GMT" time="179.122" errors="0">
  <testcase name="Test2" time="179.122" classname="com.selenium.test.SearchHotelTest"/>
</testsuite> <!-- com.selenium.test.SearchHotelTest -->
