<?xml version="1.0" encoding="UTF-8"?>
<!-- Generated by org.testng.reporters.JUnitReportReporter -->
<testsuite hostname="Kaushik-PC" name="com.selenium.test.SearchHotelTest" tests="1" failures="0" timestamp="8 Feb 2020 14:26:56 GMT" time="485.840" errors="0">
  <testcase name="Test2" time="485.840" classname="com.selenium.test.SearchHotelTest"/>
</testsuite> <!-- com.selenium.test.SearchHotelTest -->
