<?xml version="1.0" encoding="UTF-8"?>
<!-- Generated by org.testng.reporters.JUnitReportReporter -->
<testsuite hostname="Kaushik-PC" name="com.selenium.test.RoundTripFlightSearchTest" tests="1" failures="0" timestamp="1 Feb 2020 13:55:57 GMT" time="160.551" errors="0">
  <testcase name="Test1" time="160.551" classname="com.selenium.test.RoundTripFlightSearchTest"/>
</testsuite> <!-- com.selenium.test.RoundTripFlightSearchTest -->
