<?xml version="1.0" encoding="UTF-8"?>
<!-- Generated by org.testng.reporters.JUnitReportReporter -->
<testsuite hostname="Kaushik-PC" name="com.selenium.test.RoundTripFlightSearchTest" tests="1" failures="0" timestamp="27 Jul 2020 07:23:24 GMT" time="186.720" errors="0">
  <testcase name="Test1" time="186.720" classname="com.selenium.test.RoundTripFlightSearchTest"/>
</testsuite> <!-- com.selenium.test.RoundTripFlightSearchTest -->
