<?xml version="1.0" encoding="UTF-8"?>
<!-- Generated by org.testng.reporters.JUnitReportReporter -->
<testsuite hostname="Kaushik-PC" name="com.selenium.test.SearchHotelTest" tests="3" failures="0" timestamp="25 Jan 2020 09:13:16 GMT" time="1335.571" errors="0">
  <testcase name="Test2" time="474.713" classname="com.selenium.test.SearchHotelTest"/>
  <testcase name="Test2" time="709.575" classname="com.selenium.test.SearchHotelTest"/>
  <testcase name="Test2" time="151.283" classname="com.selenium.test.SearchHotelTest"/>
</testsuite> <!-- com.selenium.test.SearchHotelTest -->
