<?xml version="1.0" encoding="UTF-8"?>
<!-- Generated by org.testng.reporters.JUnitReportReporter -->
<testsuite hostname="Kaushik-PC" name="com.selenium.test.RoundTripFlightSearchTest" tests="1" failures="0" timestamp="8 Feb 2020 14:26:56 GMT" time="145.528" errors="0">
  <testcase name="Test1" time="145.528" classname="com.selenium.test.RoundTripFlightSearchTest"/>
</testsuite> <!-- com.selenium.test.RoundTripFlightSearchTest -->
